training new model, the num of training epochs is 500
the shape of batch_data: (10, 512, 384, 222)
batch_data (7, 4, 512, 384, 222)
0, the shape of x: (7, 256, 192, 222), the shape of residual: (7, 512, 384, 222)
1, the shape of x: (7, 128, 96, 222), the shape of residual: (7, 256, 192, 222)
2, the shape of x: (7, 64, 48, 222), the shape of residual: (7, 128, 96, 222)
3, the shape of x: (7, 32, 24, 222), the shape of residual: (7, 64, 48, 222)
4, the shape of x: (7, 16, 12, 222), the shape of residual: (7, 32, 24, 222)
5, the shape of x: (7, 8, 6, 222), the shape of residual: (7, 16, 12, 222)
6, the shape of x: (7, 4, 3, 128), the shape of residual: (7, 8, 6, 128)
6, the shape of x: (7, 4, 3, 128).
0, the shape of x: (7, 8, 6, 128).
1, the shape of x: (7, 16, 12, 222).
  0%|                              | 0/500 [00:00<?, ?it/s]
2, the shape of x: (7, 32, 24, 222).
3, the shape of x: (7, 64, 48, 222).
4, the shape of x: (7, 128, 96, 222).
5, the shape of x: (7, 256, 192, 222).
6, the shape of x: (7, 512, 384, 222).
0, the shape of x: (7, 256, 192, 222), the shape of residual: (7, 512, 384, 222)
1, the shape of x: (7, 128, 96, 222), the shape of residual: (7, 256, 192, 222)
2, the shape of x: (7, 64, 48, 222), the shape of residual: (7, 128, 96, 222)
3, the shape of x: (7, 32, 24, 222), the shape of residual: (7, 64, 48, 222)
4, the shape of x: (7, 16, 12, 222), the shape of residual: (7, 32, 24, 222)
5, the shape of x: (7, 8, 6, 222), the shape of residual: (7, 16, 12, 222)
6, the shape of x: (7, 4, 3, 128), the shape of residual: (7, 8, 6, 128)
6, the shape of x: (7, 4, 3, 128).
0, the shape of x: (7, 8, 6, 128).
1, the shape of x: (7, 16, 12, 222).
2, the shape of x: (7, 32, 24, 222).
3, the shape of x: (7, 64, 48, 222).
4, the shape of x: (7, 128, 96, 222).
5, the shape of x: (7, 256, 192, 222).
6, the shape of x: (7, 512, 384, 222).
the shape of batch_data: (10, 512, 384, 222)
  0%|                              | 0/500 [02:19<?, ?it/s]
Traceback (most recent call last):
  File "/work/09012/haoli1/ls6/hurricane/code/hurr_u_net_0.0.py", line 366, in <module>
    trainer.train_model(Test_data, num_epochs=num_epochs)
  File "/work/09012/haoli1/ls6/hurricane/code/hurr_u_net_0.0.py", line 306, in train_model
    loss, loss_ml, loss_mc, self.state, self.main_rng = self.train_epoch(self.state, self.main_rng)
  File "/work/09012/haoli1/ls6/JAX/lib/python3.9/site-packages/jax/_src/traceback_util.py", line 162, in reraise_with_filtered_traceback
    return fun(*args, **kwargs)
  File "/work/09012/haoli1/ls6/JAX/lib/python3.9/site-packages/jax/_src/api.py", line 620, in cache_miss
    execute = dispatch._xla_call_impl_lazy(fun_, *tracers, **params)
  File "/work/09012/haoli1/ls6/JAX/lib/python3.9/site-packages/jax/_src/dispatch.py", line 236, in _xla_call_impl_lazy
    return xla_callable(fun, device, backend, name, donated_invars, keep_unused,
  File "/work/09012/haoli1/ls6/JAX/lib/python3.9/site-packages/jax/linear_util.py", line 300, in memoized_fun
    ans = call(fun, *args)
  File "/work/09012/haoli1/ls6/JAX/lib/python3.9/site-packages/jax/_src/dispatch.py", line 359, in _xla_callable_uncached
    return lower_xla_callable(fun, device, backend, name, donated_invars, False,
  File "/work/09012/haoli1/ls6/JAX/lib/python3.9/site-packages/jax/_src/dispatch.py", line 996, in compile
    self._executable = XlaCompiledComputation.from_xla_computation(
  File "/work/09012/haoli1/ls6/JAX/lib/python3.9/site-packages/jax/_src/dispatch.py", line 1194, in from_xla_computation
    compiled = compile_or_get_cached(backend, xla_computation, options,
  File "/work/09012/haoli1/ls6/JAX/lib/python3.9/site-packages/jax/_src/dispatch.py", line 1077, in compile_or_get_cached
    return backend_compile(backend, serialized_computation, compile_options,
  File "/work/09012/haoli1/ls6/JAX/lib/python3.9/site-packages/jax/_src/profiler.py", line 314, in wrapper
    return func(*args, **kwargs)
  File "/work/09012/haoli1/ls6/JAX/lib/python3.9/site-packages/jax/_src/dispatch.py", line 1012, in backend_compile
    return backend.compile(built_c, compile_options=options)
jax._src.traceback_util.UnfilteredStackTrace: MemoryError: std::bad_alloc
The stack trace below excludes JAX-internal frames.
The preceding is the original exception that occurred, unmodified.
--------------------
The above exception was the direct cause of the following exception:
Traceback (most recent call last):
  File "/work/09012/haoli1/ls6/hurricane/code/hurr_u_net_0.0.py", line 366, in <module>
    trainer.train_model(Test_data, num_epochs=num_epochs)
  File "/work/09012/haoli1/ls6/hurricane/code/hurr_u_net_0.0.py", line 306, in train_model
    loss, loss_ml, loss_mc, self.state, self.main_rng = self.train_epoch(self.state, self.main_rng)
MemoryError: std::bad_alloc