training new model, the num of training epochs is 10
The num of num_steps_per_level 29
The num of num_steps_per_epoch 290
the shape of batch_data: (14, 384, 512, 6)
the shape of batch_data after transformation (10, 5, 384, 512, 6)
The shape of input: (10, 384, 512, 6)
  0%|                                                                                                                                            | 0/10 [00:00<?, ?it/s]
  0%|                                                                                                                                            | 0/10 [01:54<?, ?it/s]
Traceback (most recent call last):
  File "/work/09012/haoli1/ls6/hurricane/code/hurr_u_net_2d0.2.py", line 112, in <module>
    trainer.train_model(Train_data, Test_data, num_epochs=num_epochs)
  File "/work/09012/haoli1/ls6/hurricane/code/Train_mod_2d.py", line 244, in train_model
    loss, loss_ml, loss_mc = self.train_epoch(train_data)
  File "/work/09012/haoli1/ls6/hurricane/code/Train_mod_2d.py", line 226, in train_epoch
    self.state, loss, loss_ml, loss_mc, self.main_rng = self.train_step(self.state, batch, self.main_rng)
  File "/work/09012/haoli1/ls6/JAX/lib/python3.9/site-packages/jax/_src/traceback_util.py", line 162, in reraise_with_filtered_traceback
    return fun(*args, **kwargs)
  File "/work/09012/haoli1/ls6/JAX/lib/python3.9/site-packages/jax/_src/api.py", line 621, in cache_miss
    out_flat = call_bind_continuation(execute(*args_flat))
  File "/work/09012/haoli1/ls6/JAX/lib/python3.9/site-packages/jax/_src/dispatch.py", line 895, in _execute_compiled
    out_flat = compiled.execute(in_flat)
jax._src.traceback_util.UnfilteredStackTrace: jaxlib.xla_extension.XlaRuntimeError: RESOURCE_EXHAUSTED: Out of memory while trying to allocate 18178374000 bytes.
BufferAssignment OOM Debugging.
BufferAssignment stats:
             parameter allocation:  154.42MiB
              constant allocation:    1.50MiB
        maybe_live_out allocation:   91.42MiB
     preallocated temp allocation:   16.93GiB
                 total allocation:   17.17GiB
Peak buffers:
	Buffer 1:
		Size: 968.77MiB
		XLA Label: copy
		Shape: f32[4,10,386,514,32]
		==========================
	Buffer 2:
		Size: 968.77MiB
		Operator: op_name="jit(train_step)/jit(main)/broadcast_in_dim[shape=(4, 10, 386, 514, 32) broadcast_dimensions=()]" source_file="/work/09012/haoli1/ls6/hurricane/code/Train_mod_2d.py" source_line=148
		XLA Label: fusion
		Shape: f32[4,10,386,514,32]
		==========================
	Buffer 3:
		Size: 488.79MiB
		XLA Label: copy
		Shape: f32[4,10,194,258,64]
		==========================
	Buffer 4:
		Size: 488.79MiB
		Operator: op_name="jit(train_step)/jit(main)/broadcast_in_dim[shape=(4, 10, 194, 258, 64) broadcast_dimensions=()]" source_file="/work/09012/haoli1/ls6/hurricane/code/Train_mod_2d.py" source_line=148
		XLA Label: fusion
		Shape: f32[4,10,194,258,64]
		==========================
	Buffer 5:
		Size: 484.38MiB
		XLA Label: copy
		Shape: f32[4,10,386,514,16]
		==========================
	Buffer 6:
		Size: 484.38MiB
		XLA Label: copy
		Shape: f32[4,10,386,514,16]
		==========================
	Buffer 7:
		Size: 484.38MiB
		Operator: op_name="jit(train_step)/jit(main)/broadcast_in_dim[shape=(4, 10, 386, 514, 16) broadcast_dimensions=()]" source_file="/work/09012/haoli1/ls6/hurricane/code/Train_mod_2d.py" source_line=148
		XLA Label: fusion
		Shape: f32[4,10,386,514,16]
		==========================
	Buffer 8:
		Size: 480.00MiB
		XLA Label: copy
		Shape: f32[4,10,384,512,16]
		==========================
	Buffer 9:
		Size: 480.00MiB
		XLA Label: copy
		Shape: f32[4,10,384,512,16]
		==========================
	Buffer 10:
		Size: 480.00MiB
		XLA Label: copy
		Shape: f32[4,10,384,512,16]
		==========================
	Buffer 11:
		Size: 480.00MiB
		XLA Label: copy
		Shape: f32[4,10,384,512,16]
		==========================
	Buffer 12:
		Size: 480.00MiB
		XLA Label: copy
		Shape: f32[4,10,384,512,16]
		==========================
	Buffer 13:
		Size: 480.00MiB
		XLA Label: copy
		Shape: f32[4,10,384,512,16]
		==========================
	Buffer 14:
		Size: 480.00MiB
		XLA Label: copy
		Shape: f32[4,10,384,512,16]
		==========================
	Buffer 15:
		Size: 480.00MiB
		Operator: op_name="jit(train_step)/jit(main)/broadcast_in_dim[shape=(4, 10, 384, 512, 16) broadcast_dimensions=()]" source_file="/work/09012/haoli1/ls6/hurricane/code/Train_mod_2d.py" source_line=148
		XLA Label: fusion
		Shape: f32[4,10,384,512,16]
		==========================
The stack trace below excludes JAX-internal frames.
The preceding is the original exception that occurred, unmodified.
--------------------
The above exception was the direct cause of the following exception:
Traceback (most recent call last):
  File "/work/09012/haoli1/ls6/hurricane/code/hurr_u_net_2d0.2.py", line 112, in <module>
    trainer.train_model(Train_data, Test_data, num_epochs=num_epochs)
  File "/work/09012/haoli1/ls6/hurricane/code/Train_mod_2d.py", line 244, in train_model
    loss, loss_ml, loss_mc = self.train_epoch(train_data)
  File "/work/09012/haoli1/ls6/hurricane/code/Train_mod_2d.py", line 226, in train_epoch
    self.state, loss, loss_ml, loss_mc, self.main_rng = self.train_step(self.state, batch, self.main_rng)
jaxlib.xla_extension.XlaRuntimeError: RESOURCE_EXHAUSTED: Out of memory while trying to allocate 18178374000 bytes.
BufferAssignment OOM Debugging.
BufferAssignment stats:
             parameter allocation:  154.42MiB
              constant allocation:    1.50MiB
        maybe_live_out allocation:   91.42MiB
     preallocated temp allocation:   16.93GiB
                 total allocation:   17.17GiB
Peak buffers:
	Buffer 1:
		Size: 968.77MiB
		XLA Label: copy
		Shape: f32[4,10,386,514,32]
		==========================
	Buffer 2:
		Size: 968.77MiB
		Operator: op_name="jit(train_step)/jit(main)/broadcast_in_dim[shape=(4, 10, 386, 514, 32) broadcast_dimensions=()]" source_file="/work/09012/haoli1/ls6/hurricane/code/Train_mod_2d.py" source_line=148
		XLA Label: fusion
		Shape: f32[4,10,386,514,32]
		==========================
	Buffer 3:
		Size: 488.79MiB
		XLA Label: copy
		Shape: f32[4,10,194,258,64]
		==========================
	Buffer 4:
		Size: 488.79MiB
		Operator: op_name="jit(train_step)/jit(main)/broadcast_in_dim[shape=(4, 10, 194, 258, 64) broadcast_dimensions=()]" source_file="/work/09012/haoli1/ls6/hurricane/code/Train_mod_2d.py" source_line=148
		XLA Label: fusion
		Shape: f32[4,10,194,258,64]
		==========================
	Buffer 5:
		Size: 484.38MiB
		XLA Label: copy
		Shape: f32[4,10,386,514,16]
		==========================
	Buffer 6:
		Size: 484.38MiB
		XLA Label: copy
		Shape: f32[4,10,386,514,16]
		==========================
	Buffer 7:
		Size: 484.38MiB
		Operator: op_name="jit(train_step)/jit(main)/broadcast_in_dim[shape=(4, 10, 386, 514, 16) broadcast_dimensions=()]" source_file="/work/09012/haoli1/ls6/hurricane/code/Train_mod_2d.py" source_line=148
		XLA Label: fusion
		Shape: f32[4,10,386,514,16]
		==========================
	Buffer 8:
		Size: 480.00MiB
		XLA Label: copy
		Shape: f32[4,10,384,512,16]
		==========================
	Buffer 9:
		Size: 480.00MiB
		XLA Label: copy
		Shape: f32[4,10,384,512,16]
		==========================
	Buffer 10:
		Size: 480.00MiB
		XLA Label: copy
		Shape: f32[4,10,384,512,16]
		==========================
	Buffer 11:
		Size: 480.00MiB
		XLA Label: copy
		Shape: f32[4,10,384,512,16]
		==========================
	Buffer 12:
		Size: 480.00MiB
		XLA Label: copy
		Shape: f32[4,10,384,512,16]
		==========================
	Buffer 13:
		Size: 480.00MiB
		XLA Label: copy
		Shape: f32[4,10,384,512,16]
		==========================
	Buffer 14:
		Size: 480.00MiB
		XLA Label: copy
		Shape: f32[4,10,384,512,16]
		==========================
	Buffer 15:
		Size: 480.00MiB
		Operator: op_name="jit(train_step)/jit(main)/broadcast_in_dim[shape=(4, 10, 384, 512, 16) broadcast_dimensions=()]" source_file="/work/09012/haoli1/ls6/hurricane/code/Train_mod_2d.py" source_line=148
		XLA Label: fusion
		Shape: f32[4,10,384,512,16]
		==========================